 /home/slugs/d7fb20e2-d9f1-471e-a22a-71a9233301ea/mnt/.bundle/gems/ruby/1.8/gems/sinatra-1.1.2/lib/sinatra/base.rb:538:in `call'
 /home/slugs/d7fb20e2-d9f1-471e-a22a-71a9233301ea/mnt/.bundle/gems/ruby/1.8/gems/rack-1.2.0/lib/rack/methodoverride.rb:24:in `call'
 /home/slugs/d7fb20e2-d9f1-471e-a22a-71a9233301ea/mnt/.bundle/gems/ruby/1.8/gems/rack-1.2.0/lib/rack/commonlogger.rb:18:in `call'
 /home/slugs/d7fb20e2-d9f1-471e-a22a-71a9233301ea/mnt/.bundle/gems/ruby/1.8/gems/sinatra-1.1.2/lib/sinatra/base.rb:1167:in `call'
 /home/slugs/d7fb20e2-d9f1-471e-a22a-71a9233301ea/mnt/.bundle/gems/ruby/1.8/gems/sinatra-1.1.2/lib/sinatra/base.rb:1193:in `synchronize'
 /home/slugs/d7fb20e2-d9f1-471e-a22a-71a9233301ea/mnt/.bundle/gems/ruby/1.8/gems/sinatra-1.1.2/lib/sinatra/base.rb:1167:in `call'
 /home/heroku_rack/lib/static_assets.rb:9:in `call'
 /home/heroku_rack/lib/last_access.rb:15:in `call'
 /home/slugs/d7fb20e2-d9f1-471e-a22a-71a9233301ea/mnt/.bundle/gems/ruby/1.8/gems/rack-1.2.0/lib/rack/urlmap.rb:47:in `call'
 /home/slugs/d7fb20e2-d9f1-471e-a22a-71a9233301ea/mnt/.bundle/gems/ruby/1.8/gems/rack-1.2.0/lib/rack/urlmap.rb:41:in `each'
 /home/slugs/d7fb20e2-d9f1-471e-a22a-71a9233301ea/mnt/.bundle/gems/ruby/1.8/gems/rack-1.2.0/lib/rack/urlmap.rb:41:in `call'
 /home/heroku_rack/lib/date_header.rb:14:in `call'
 /home/slugs/d7fb20e2-d9f1-471e-a22a-71a9233301ea/mnt/.bundle/gems/ruby/1.8/gems/rack-1.2.0/lib/rack/builder.rb:77:in `call'
 /usr/ruby1.8.7/lib/ruby/gems/1.8/gems/thin-1.2.6/lib/thin/connection.rb:76:in `pre_process'
 /usr/ruby1.8.7/lib/ruby/gems/1.8/gems/thin-1.2.6/lib/thin/connection.rb:74:in `catch'
 /usr/ruby1.8.7/lib/ruby/gems/1.8/gems/thin-1.2.6/lib/thin/connection.rb:74:in `pre_process'
 /usr/ruby1.8.7/lib/ruby/gems/1.8/gems/thin-1.2.6/lib/thin/connection.rb:57:in `process'
 /usr/ruby1.8.7/lib/ruby/gems/1.8/gems/thin-1.2.6/lib/thin/connection.rb:42:in `receive_data'
 /usr/ruby1.8.7/lib/ruby/gems/1.8/gems/eventmachine-0.12.10/lib/eventmachine.rb:256:in `run_machine'
 /usr/ruby1.8.7/lib/ruby/gems/1.8/gems/eventmachine-0.12.10/lib/eventmachine.rb:256:in `run'
 /usr/ruby1.8.7/lib/ruby/gems/1.8/gems/thin-1.2.6/lib/thin/backends/base.rb:57:in `start'
 /usr/ruby1.8.7/lib/ruby/gems/1.8/gems/thin-1.2.6/lib/thin/server.rb:156:in `start'
 /usr/ruby1.8.7/lib/ruby/gems/1.8/gems/thin-1.2.6/lib/thin/controllers/controller.rb:80:in `start'
 /usr/ruby1.8.7/lib/ruby/gems/1.8/gems/thin-1.2.6/lib/thin/runner.rb:177:in `send'
 /usr/ruby1.8.7/lib/ruby/gems/1.8/gems/thin-1.2.6/lib/thin/runner.rb:177:in `run_command'
 /usr/ruby1.8.7/lib/ruby/gems/1.8/gems/thin-1.2.6/lib/thin/runner.rb:143:in `run!'
 /usr/ruby1.8.7/lib/ruby/gems/1.8/gems/thin-1.2.6/bin/thin:6
 /usr/ruby1.8.7/bin/thin:19:in `load'
 /usr/ruby1.8.7/bin/thin:19
77.126.44.147, 10.112.78.28 - - [03/Feb/2011 09:42:00] "GET /albums/catalogue.json?_dc=1296754920194&node=root HTTP/1.1" 500 30 0.0015
DataObjects::SyntaxError - no such table: genres:
 /home/slugs/d7fb20e2-d9f1-471e-a22a-71a9233301ea/mnt/.bundle/gems/ruby/1.8/gems/dm-do-adapter-1.0.2/lib/dm-do-adapter/adapter.rb:142:in `execute_reader'
 /home/slugs/d7fb20e2-d9f1-471e-a22a-71a9233301ea/mnt/.bundle/gems/ruby/1.8/gems/dm-do-adapter-1.0.2/lib/dm-do-adapter/adapter.rb:142:in `read'
 /home/slugs/d7fb20e2-d9f1-471e-a22a-71a9233301ea/mnt/.bundle/gems/ruby/1.8/gems/dm-do-adapter-1.0.2/lib/dm-do-adapter/adapter.rb:260:in `with_connection'
 /home/slugs/d7fb20e2-d9f1-471e-a22a-71a9233301ea/mnt/.bundle/gems/ruby/1.8/gems/dm-do-adapter-1.0.2/lib/dm-do-adapter/adapter.rb:138:in `read'
 /home/slugs/d7fb20e2-d9f1-471e-a22a-71a9233301ea/mnt/.bundle/gems/ruby/1.8/gems/dm-core-1.0.2/lib/dm-core/repository.rb:162:in `read'
 /home/slugs/d7fb20e2-d9f1-471e-a22a-71a9233301ea/mnt/.bundle/gems/ruby/1.8/gems/dm-core-1.0.2/lib/dm-core/collection.rb:1116:in `lazy_load'
 /home/slugs/d7fb20e2-d9f1-471e-a22a-71a9233301ea/mnt/.bundle/gems/ruby/1.8/gems/dm-core-1.0.2/lib/dm-core/support/lazy_array.rb:411:in `each'
 /home/slugs/d7fb20e2-d9f1-471e-a22a-71a9233301ea/mnt/.bundle/gems/ruby/1.8/gems/dm-core-1.0.2/lib/dm-core/collection.rb:508:in `each'
 ./lib/catalogue.rb:6:in `map'
 ./lib/catalogue.rb:6:in `items'
 ./application.rb:26:in `GET /tracks/catalogue.json'
 /home/slugs/d7fb20e2-d9f1-471e-a22a-71a9233301ea/mnt/.bundle/gems/ruby/1.8/gems/sinatra-1.1.2/lib/sinatra/base.rb:1057:in `call'
 /home/slugs/d7fb20e2-d9f1-471e-a22a-71a9233301ea/mnt/.bundle/gems/ruby/1.8/gems/sinatra-1.1.2/lib/sinatra/base.rb:1057:in `compile!'
 /home/slugs/d7fb20e2-d9f1-471e-a22a-71a9233301ea/mnt/.bundle/gems/ruby/1.8/gems/sinatra-1.1.2/lib/sinatra/base.rb:643:in `instance_eval'
 /home/slugs/d7fb20e2-d9f1-471e-a22a-71a9233301ea/mnt/.bundle/gems/ruby/1.8/gems/sinatra-1.1.2/lib/sinatra/base.rb:643:in `route_eval'
 /home/slugs/d7fb20e2-d9f1-471e-a22a-71a9233301ea/mnt/.bundle/gems/ruby/1.8/gems/sinatra-1.1.2/lib/sinatra/base.rb:627:in `route!'
 /home/slugs/d7fb20e2-d9f1-471e-a22a-71a9233301ea/mnt/.bundle/gems/ruby/1.8/gems/sinatra-1.1.2/lib/sinatra/base.rb:675:in `process_route'
 /home/slugs/d7fb20e2-d9f1-471e-a22a-71a9233301ea/mnt/.bundle/gems/ruby/1.8/gems/sinatra-1.1.2/lib/sinatra/base.rb:672:in `catch'
 /home/slugs/d7fb20e2-d9f1-471e-a22a-71a9233301ea/mnt/.bundle/gems/ruby/1.8/gems/sinatra-1.1.2/lib/sinatra/base.rb:672:in `process_route'
 /home/slugs/d7fb20e2-d9f1-471e-a22a-71a9233301ea/mnt/.bundle/gems/ruby/1.8/gems/sinatra-1.1.2/lib/sinatra/base.rb:626:in `route!'
 /home/slugs/d7fb20e2-d9f1-471e-a22a-71a9233301ea/mnt/.bundle/gems/ruby/1.8/gems/sinatra-1.1.2/lib/sinatra/base.rb:625:in `each'
 /home/slugs/d7fb20e2-d9f1-471e-a22a-71a9233301ea/mnt/.bundle/gems/ruby/1.8/gems/sinatra-1.1.2/lib/sinatra/base.rb:625:in `route!'
 /home/slugs/d7fb20e2-d9f1-471e-a22a-71a9233301ea/mnt/.bundle/gems/ruby/1.8/gems/sinatra-1.1.2/lib/sinatra/base.rb:760:in `dispatch!'
 /home/slugs/d7fb20e2-d9f1-471e-a22a-71a9233301ea/mnt/.bundle/gems/ruby/1.8/gems/sinatra-1.1.2/lib/sinatra/base.rb:553:in `call!'
 /home/slugs/d7fb20e2-d9f1-471e-a22a-71a9233301ea/mnt/.bundle/gems/ruby/1.8/gems/sinatra-1.1.2/lib/sinatra/base.rb:725:in `instance_eval'
 /home/slugs/d7fb20e2-d9f1-471e-a22a-71a9233301ea/mnt/.bundle/gems/ruby/1.8/gems/sinatra-1.1.2/lib/sinatra/base.rb:725:in `invoke'
 /home/slugs/d7fb20e2-d9f1-471e-a22a-71a9233301ea/mnt/.bundle/gems/ruby/1.8/gems/sinatra-1.1.2/lib/sinatra/base.rb:725:in `catch'
 /home/slugs/d7fb20e2-d9f1-471e-a22a-71a9233301ea/mnt/.bundle/gems/ruby/1.8/gems/sinatra-1.1.2/lib/sinatra/base.rb:725:in `invoke'
 /home/slugs/d7fb20e2-d9f1-471e-a22a-71a9233301ea/mnt/.bundle/gems/ruby/1.8/gems/sinatra-1.1.2/lib/sinatra/base.rb:553:in `call!'
 /home/slugs/d7fb20e2-d9f1-471e-a22a-71a9233301ea/mnt/.bundle/gems/ruby/1.8/gems/sinatra-1.1.2/lib/sinatra/base.rb:538:in `call'
 /home/slugs/d7fb20e2-d9f1-471e-a22a-71a9233301ea/mnt/.bundle/gems/ruby/1.8/gems/rack-1.2.0/lib/rack/methodoverride.rb:24:in `call'
 /home/slugs/d7fb20e2-d9f1-471e-a22a-71a9233301ea/mnt/.bundle/gems/ruby/1.8/gems/rack-1.2.0/lib/rack/commonlogger.rb:18:in `call'
 /home/slugs/d7fb20e2-d9f1-471e-a22a-71a9233301ea/mnt/.bundle/gems/ruby/1.8/gems/sinatra-1.1.2/lib/sinatra/base.rb:1167:in `call'
 /home/slugs/d7fb20e2-d9f1-471e-a22a-71a9233301ea/mnt/.bundle/gems/ruby/1.8/gems/sinatra-1.1.2/lib/sinatra/base.rb:1193:in `synchronize'
 /home/slugs/d7fb20e2-d9f1-471e-a22a-71a9233301ea/mnt/.bundle/gems/ruby/1.8/gems/sinatra-1.1.2/lib/sinatra/base.rb:1167:in `call'
 /home/heroku_rack/lib/static_assets.rb:9:in `call'
 /home/heroku_rack/lib/last_access.rb:15:in `call'
 /home/slugs/d7fb20e2-d9f1-471e-a22a-71a9233301ea/mnt/.bundle/gems/ruby/1.8/gems/rack-1.2.0/lib/rack/urlmap.rb:47:in `call'
 /home/slugs/d7fb20e2-d9f1-471e-a22a-71a9233301ea/mnt/.bundle/gems/ruby/1.8/gems/rack-1.2.0/lib/rack/urlmap.rb:41:in `each'
 /home/slugs/d7fb20e2-d9f1-471e-a22a-71a9233301ea/mnt/.bundle/gems/ruby/1.8/gems/rack-1.2.0/lib/rack/urlmap.rb:41:in `call'
 /home/heroku_rack/lib/date_header.rb:14:in `call'
 /home/slugs/d7fb20e2-d9f1-471e-a22a-71a9233301ea/mnt/.bundle/gems/ruby/1.8/gems/rack-1.2.0/lib/rack/builder.rb:77:in `call'
 /usr/ruby1.8.7/lib/ruby/gems/1.8/gems/thin-1.2.6/lib/thin/connection.rb:76:in `pre_process'
 /usr/ruby1.8.7/lib/ruby/gems/1.8/gems/thin-1.2.6/lib/thin/connection.rb:74:in `catch'
 /usr/ruby1.8.7/lib/ruby/gems/1.8/gems/thin-1.2.6/lib/thin/connection.rb:74:in `pre_process'
 /usr/ruby1.8.7/lib/ruby/gems/1.8/gems/thin-1.2.6/lib/thin/connection.rb:57:in `process'
 /usr/ruby1.8.7/lib/ruby/gems/1.8/gems/thin-1.2.6/lib/thin/connection.rb:42:in `receive_data'
 /usr/ruby1.8.7/lib/ruby/gems/1.8/gems/eventmachine-0.12.10/lib/eventmachine.rb:256:in `run_machine'
 /usr/ruby1.8.7/lib/ruby/gems/1.8/gems/eventmachine-0.12.10/lib/eventmachine.rb:256:in `run'
 /usr/ruby1.8.7/lib/ruby/gems/1.8/gems/thin-1.2.6/lib/thin/backends/base.rb:57:in `start'
 /usr/ruby1.8.7/lib/ruby/gems/1.8/gems/thin-1.2.6/lib/thin/server.rb:156:in `start'
 /usr/ruby1.8.7/lib/ruby/gems/1.8/gems/thin-1.2.6/lib/thin/controllers/controller.rb:80:in `start'
 /usr/ruby1.8.7/lib/ruby/gems/1.8/gems/thin-1.2.6/lib/thin/runner.rb:177:in `send'
 /usr/ruby1.8.7/lib/ruby/gems/1.8/gems/thin-1.2.6/lib/thin/runner.rb:177:in `run_command'
 /usr/ruby1.8.7/lib/ruby/gems/1.8/gems/thin-1.2.6/lib/thin/runner.rb:143:in `run!'
 /usr/ruby1.8.7/lib/ruby/gems/1.8/gems/thin-1.2.6/bin/thin:6
 /usr/ruby1.8.7/bin/thin:19:in `load'
 /usr/ruby1.8.7/bin/thin:19
77.126.44.147, 10.112.78.28 - - [03/Feb/2011 09:42:00] "GET /tracks/catalogue.json?_dc=1296754920197&node=root HTTP/1.1" 500 30 0.0015
DataObjects::SyntaxError - no such table: genres:
 /home/slugs/d7fb20e2-d9f1-471e-a22a-71a9233301ea/mnt/.bundle/gems/ruby/1.8/gems/dm-do-adapter-1.0.2/lib/dm-do-adapter/adapter.rb:142:in `execute_reader'
 /home/slugs/d7fb20e2-d9f1-471e-a22a-71a9233301ea/mnt/.bundle/gems/ruby/1.8/gems/dm-do-adapter-1.0.2/lib/dm-do-adapter/adapter.rb:142:in `read'
 /home/slugs/d7fb20e2-d9f1-471e-a22a-71a9233301ea/mnt/.bundle/gems/ruby/1.8/gems/dm-do-adapter-1.0.2/lib/dm-do-adapter/adapter.rb:260:in `with_connection'
 /home/slugs/d7fb20e2-d9f1-471e-a22a-71a9233301ea/mnt/.bundle/gems/ruby/1.8/gems/dm-do-adapter-1.0.2/lib/dm-do-adapter/adapter.rb:138:in `read'
 /home/slugs/d7fb20e2-d9f1-471e-a22a-71a9233301ea/mnt/.bundle/gems/ruby/1.8/gems/dm-core-1.0.2/lib/dm-core/repository.rb:162:in `read'
 /home/slugs/d7fb20e2-d9f1-471e-a22a-71a9233301ea/mnt/.bundle/gems/ruby/1.8/gems/dm-core-1.0.2/lib/dm-core/collection.rb:1116:in `lazy_load'
 /home/slugs/d7fb20e2-d9f1-471e-a22a-71a9233301ea/mnt/.bundle/gems/ruby/1.8/gems/dm-core-1.0.2/lib/dm-core/support/lazy_array.rb:411:in `each'
 /home/slugs/d7fb20e2-d9f1-471e-a22a-71a9233301ea/mnt/.bundle/gems/ruby/1.8/gems/dm-core-1.0.2/lib/dm-core/collection.rb:508:in `each'
 ./lib/catalogue.rb:6:in `map'
 ./lib/catalogue.rb:6:in `items'
 ./application.rb:22:in `GET /albums/catalogue.json'
 /home/slugs/d7fb20e2-d9f1-471e-a22a-71a9233301ea/mnt/.bundle/gems/ruby/1.8/gems/sinatra-1.1.2/lib/sinatra/base.rb:1057:in `call'
 /home/slugs/d7fb20e2-d9f1-471e-a22a-71a9233301ea/mnt/.bundle/gems/ruby/1.8/gems/sinatra-1.1.2/lib/sinatra/base.rb:1057:in `compile!'
 /home/slugs/d7fb20e2-d9f1-471e-a22a-71a9233301ea/mnt/.bundle/gems/ruby/1.8/gems/sinatra-1.1.2/lib/sinatra/base.rb:643:in `instance_eval'
 /home/slugs/d7fb20e2-d9f1-471e-a22a-71a9233301ea/mnt/.bundle/gems/ruby/1.8/gems/sinatra-1.1.2/lib/sinatra/base.rb:643:in `route_eval'
 /home/slugs/d7fb20e2-d9f1-471e-a22a-71a9233301ea/mnt/.bundle/gems/ruby/1.8/gems/sinatra-1.1.2/lib/sinatra/base.rb:627:in `route!'
 /home/slugs/d7fb20e2-d9f1-471e-a22a-71a9233301ea/mnt/.bundle/gems/ruby/1.8/gems/sinatra-1.1.2/lib/sinatra/base.rb:675:in `process_route'
 /home/slugs/d7fb20e2-d9f1-471e-a22a-71a9233301ea/mnt/.bundle/gems/ruby/1.8/gems/sinatra-1.1.2/lib/sinatra/base.rb:672:in `catch'
 /home/slugs/d7fb20e2-d9f1-471e-a22a-71a9233301ea/mnt/.bundle/gems/ruby/1.8/gems/sinatra-1.1.2/lib/sinatra/base.rb:672:in `process_route'
 /home/slugs/d7fb20e2-d9f1-471e-a22a-71a9233301ea/mnt/.bundle/gems/ruby/1.8/gems/sinatra-1.1.2/lib/sinatra/base.rb:626:in `route!'
 /home/slugs/d7fb20e2-d9f1-471e-a22a-71a9233301ea/mnt/.bundle/gems/ruby/1.8/gems/sinatra-1.1.2/lib/sinatra/base.rb:625:in `each'
 /home/slugs/d7fb20e2-d9f1-471e-a22a-71a9233301ea/mnt/.bundle/gems/ruby/1.8/gems/sinatra-1.1.2/lib/sinatra/base.rb:625:in `route!'
 /home/slugs/d7fb20e2-d9f1-471e-a22a-71a9233301ea/mnt/.bundle/gems/ruby/1.8/gems/sinatra-1.1.2/lib/sinatra/base.rb:760:in `dispatch!'
 /home/slugs/d7fb20e2-d9f1-471e-a22a-71a9233301ea/mnt/.bundle/gems/ruby/1.8/gems/sinatra-1.1.2/lib/sinatra/base.rb:553:in `call!'
 /home/slugs/d7fb20e2-d9f1-471e-a22a-71a9233301ea/mnt/.bundle/gems/ruby/1.8/gems/sinatra-1.1.2/lib/sinatra/base.rb:725:in `instance_eval'
 /home/slugs/d7fb20e2-d9f1-471e-a22a-71a9233301ea/mnt/.bundle/gems/ruby/1.8/gems/sinatra-1.1.2/lib/sinatra/base.rb:725:in `invoke'
 /home/slugs/d7fb20e2-d9f1-471e-a22a-71a9233301ea/mnt/.bundle/gems/ruby/1.8/gems/sinatra-1.1.2/lib/sinatra/base.rb:725:in `catch'
 /home/slugs/d7fb20e2-d9f1-471e-a22a-71a9233301ea/mnt/.bundle/gems/ruby/1.8/gems/sinatra-1.1.2/lib/sinatra/base.rb:725:in `invoke'
 /home/slugs/d7fb20e2-d9f1-471e-a22a-71a9233301ea/mnt/.bundle/gems/ruby/1.8/gems/sinatra-1.1.2/lib/sinatra/base.rb:553:in `call!'
 /home/slugs/d7fb20e2-d9f1-471e-a22a-71a9233301ea/mnt/.bundle/gems/ruby/1.8/gems/sinatra-1.1.2/lib/sinatra/base.rb:538:in `call'
 /home/slugs/d7fb20e2-d9f1-471e-a22a-71a9233301ea/mnt/.bundle/gems/ruby/1.8/gems/rack-1.2.0/lib/rack/methodoverride.rb:24:in `call'
 /home/slugs/d7fb20e2-d9f1-471e-a22a-71a9233301ea/mnt/.bundle/gems/ruby/1.8/gems/rack-1.2.0/lib/rack/commonlogger.rb:18:in `call'
 /home/slugs/d7fb20e2-d9f1-471e-a22a-71a9233301ea/mnt/.bundle/gems/ruby/1.8/gems/sinatra-1.1.2/lib/sinatra/base.rb:1167:in `call'
 /home/slugs/d7fb20e2-d9f1-471e-a22a-71a9233301ea/mnt/.bundle/gems/ruby/1.8/gems/sinatra-1.1.2/lib/sinatra/base.rb:1193:in `synchronize'
 /home/slugs/d7fb20e2-d9f1-471e-a22a-71a9233301ea/mnt/.bundle/gems/ruby/1.8/gems/sinatra-1.1.2/lib/sinatra/base.rb:1167:in `call'
 /home/heroku_rack/lib/static_assets.rb:9:in `call'
 /home/heroku_rack/lib/last_access.rb:15:in `call'
 /home/slugs/d7fb20e2-d9f1-471e-a22a-71a9233301ea/mnt/.bundle/gems/ruby/1.8/gems/rack-1.2.0/lib/rack/urlmap.rb:47:in `call'
 /home/slugs/d7fb20e2-d9f1-471e-a22a-71a9233301ea/mnt/.bundle/gems/ruby/1.8/gems/rack-1.2.0/lib/rack/urlmap.rb:41:in `each'
 /home/slugs/d7fb20e2-d9f1-471e-a22a-71a9233301ea/mnt/.bundle/gems/ruby/1.8/gems/rack-1.2.0/lib/rack/urlmap.rb:41:in `call'
 /home/heroku_rack/lib/date_header.rb:14:in `call'
 /home/slugs/d7fb20e2-d9f1-471e-a22a-71a9233301ea/mnt/.bundle/gems/ruby/1.8/gems/rack-1.2.0/lib/rack/builder.rb:77:in `call'
 /usr/ruby1.8.7/lib/ruby/gems/1.8/gems/thin-1.2.6/lib/thin/connection.rb:76:in `pre_process'
 /usr/ruby1.8.7/lib/ruby/gems/1.8/gems/thin-1.2.6/lib/thin/connection.rb:74:in `catch'
 /usr/ruby1.8.7/lib/ruby/gems/1.8/gems/thin-1.2.6/lib/thin/connection.rb:74:in `pre_process'
 /usr/ruby1.8.7/lib/ruby/gems/1.8/gems/thin-1.2.6/lib/thin/connection.rb:57:in `process'
 /usr/ruby1.8.7/lib/ruby/gems/1.8/gems/thin-1.2.6/lib/thin/connection.rb:42:in `receive_data'
 /usr/ruby1.8.7/lib/ruby/gems/1.8/gems/eventmachine-0.12.10/lib/eventmachine.rb:256:in `run_machine'
 /usr/ruby1.8.7/lib/ruby/gems/1.8/gems/eventmachine-0.12.10/lib/eventmachine.rb:256:in `run'
 /usr/ruby1.8.7/lib/ruby/gems/1.8/gems/thin-1.2.6/lib/thin/backends/base.rb:57:in `start'
 /usr/ruby1.8.7/lib/ruby/gems/1.8/gems/thin-1.2.6/lib/thin/server.rb:156:in `start'
 /usr/ruby1.8.7/lib/ruby/gems/1.8/gems/thin-1.2.6/lib/thin/controllers/controller.rb:80:in `start'
 /usr/ruby1.8.7/lib/ruby/gems/1.8/gems/thin-1.2.6/lib/thin/runner.rb:177:in `send'
 /usr/ruby1.8.7/lib/ruby/gems/1.8/gems/thin-1.2.6/lib/thin/runner.rb:177:in `run_command'
 /usr/ruby1.8.7/lib/ruby/gems/1.8/gems/thin-1.2.6/lib/thin/runner.rb:143:in `run!'
 /usr/ruby1.8.7/lib/ruby/gems/1.8/gems/thin-1.2.6/bin/thin:6
 /usr/ruby1.8.7/bin/thin:19:in `load'
 /usr/ruby1.8.7/bin/thin:19
77.126.44.147, 10.112.78.28 - - [03/Feb/2011 09:42:12] "GET /albums/catalogue.json HTTP/1.1" 500 30 0.0014

